#
# There is insufficient memory for the Java Runtime Environment to continue.
# Native memory allocation (malloc) failed to allocate 880496 bytes for Chunk::new
# Possible reasons:
#   The system is out of physical RAM or swap space
#   The process is running with CompressedOops enabled, and the Java Heap may be blocking the growth of the native heap
# Possible solutions:
#   Reduce memory load on the system
#   Increase physical memory or swap space
#   Check if swap backing store is full
#   Decrease Java heap size (-Xmx/-Xms)
#   Decrease number of Java threads
#   Decrease Java thread stack sizes (-Xss)
#   Set larger code cache with -XX:ReservedCodeCacheSize=
#   JVM is running with Zero Based Compressed Oops mode in which the Java heap is
#     placed in the first 32GB address space. The Java Heap base address is the
#     maximum limit for the native heap growth. Please use -XX:HeapBaseMinAddress
#     to set the Java Heap base and to place the Java Heap above 32GB virtual address.
# This output file may be truncated or incomplete.
#
#  Out of Memory Error (./src/hotspot/share/memory/arena.cpp:197), pid=5736, tid=1720
#
# JRE version: OpenJDK Runtime Environment (11.0.8+10) (build 11.0.8+10-b944.6842174)
# Java VM: OpenJDK 64-Bit Server VM (11.0.8+10-b944.6842174, mixed mode, tiered, compressed oops, g1 gc, windows-amd64)
# No core dump will be written. Minidumps are not enabled by default on client versions of Windows
#

---------------  S U M M A R Y ------------

Command Line: org.jetbrains.kotlin.cli.jvm.K2JVMCompiler @C:\Users\FitOutFit Technology\AndroidStudioProjects\MyApplication\app\build\20210209_12125838010414134852.compiler.options

Host: Intel(R) Core(TM) i5-6400 CPU @ 2.70GHz, 4 cores, 15G,  Windows 10 , 64 bit Build 18362 (10.0.18362.1)
Time: Tue Feb  9 17:43:01 2021 Pakistan Standard Time elapsed time: 7 seconds (0d 0h 0m 7s)

---------------  T H R E A D  ---------------

Current thread (0x00000206c9d93800):  JavaThread "C2 CompilerThread1" daemon [_thread_in_native, id=1720, stack(0x0000007a8bf00000,0x0000007a8c000000)]


Current CompileTask:
C2:   7678 10448       4       org.jetbrains.kotlin.ir.util.IrUtilsKt::getFqNameWhenAvailable (77 bytes)

Stack: [0x0000007a8bf00000,0x0000007a8c000000]
Native frames: (J=compiled Java code, j=interpreted, Vv=VM code, C=native code)
V  [jvm.dll+0x5de50a]
V  [jvm.dll+0x7122f5]
V  [jvm.dll+0x71384d]
V  [jvm.dll+0x713f03]
V  [jvm.dll+0x23e728]
V  [jvm.dll+0xb899c]
V  [jvm.dll+0xb8e9c]
V  [jvm.dll+0x35020b]
V  [jvm.dll+0x31dea3]
V  [jvm.dll+0x31d39a]
V  [jvm.dll+0x1f7702]
V  [jvm.dll+0x1f68d4]
V  [jvm.dll+0x17f32c]
V  [jvm.dll+0x205047]
V  [jvm.dll+0x203891]
V  [jvm.dll+0x6dad3f]
V  [jvm.dll+0x6d3895]
V  [jvm.dll+0x5dd4a6]
C  [ucrtbase.dll+0x1d912]
C  [KERNEL32.DLL+0x17944]
C  [ntdll.dll+0x6ce71]


---------------  P R O C E S S  ---------------

Threads class SMR info:
_java_thread_list=0x00000206c91c0f90, length=11, elements={
0x00000206a9ba1000, 0x00000206c8158800, 0x00000206c815a000, 0x00000206c8a25000,
0x00000206c8a27000, 0x00000206c8a28800, 0x00000206c8a2c000, 0x00000206c8a31800,
0x00000206c8bd9800, 0x00000206c8bdf000, 0x00000206c9d93800
}

Java Threads: ( => current thread )
  0x00000206a9ba1000 JavaThread "main" [_thread_in_Java, id=4724, stack(0x0000007a8ae00000,0x0000007a8af00000)]
  0x00000206c8158800 JavaThread "Reference Handler" daemon [_thread_blocked, id=10540, stack(0x0000007a8b500000,0x0000007a8b600000)]
  0x00000206c815a000 JavaThread "Finalizer" daemon [_thread_blocked, id=6452, stack(0x0000007a8b600000,0x0000007a8b700000)]
  0x00000206c8a25000 JavaThread "Signal Dispatcher" daemon [_thread_blocked, id=6760, stack(0x0000007a8b700000,0x0000007a8b800000)]
  0x00000206c8a27000 JavaThread "Attach Listener" daemon [_thread_blocked, id=2240, stack(0x0000007a8b800000,0x0000007a8b900000)]
  0x00000206c8a28800 JavaThread "C2 CompilerThread0" daemon [_thread_in_native, id=8812, stack(0x0000007a8b900000,0x0000007a8ba00000)]
  0x00000206c8a2c000 JavaThread "C1 CompilerThread0" daemon [_thread_blocked, id=10340, stack(0x0000007a8ba00000,0x0000007a8bb00000)]
  0x00000206c8a31800 JavaThread "Sweeper thread" daemon [_thread_blocked, id=8232, stack(0x0000007a8bb00000,0x0000007a8bc00000)]
  0x00000206c8bd9800 JavaThread "Service Thread" daemon [_thread_blocked, id=3664, stack(0x0000007a8bc00000,0x0000007a8bd00000)]
  0x00000206c8bdf000 JavaThread "Common-Cleaner" daemon [_thread_blocked, id=852, stack(0x0000007a8be00000,0x0000007a8bf00000)]
=>0x00000206c9d93800 JavaThread "C2 CompilerThread1" daemon [_thread_in_native, id=1720, stack(0x0000007a8bf00000,0x0000007a8c000000)]

Other Threads:
  0x00000206c8155800 VMThread "VM Thread" [stack: 0x0000007a8b400000,0x0000007a8b500000] [id=1392]
  0x00000206c8bda800 WatcherThread [stack: 0x0000007a8bd00000,0x0000007a8be00000] [id=900]
  0x00000206a9bb9800 GCTaskThread "GC Thread#0" [stack: 0x0000007a8af00000,0x0000007a8b000000] [id=7836]
  0x00000206c9080000 GCTaskThread "GC Thread#1" [stack: 0x0000007a8c000000,0x0000007a8c100000] [id=1104]
  0x00000206c9075000 GCTaskThread "GC Thread#2" [stack: 0x0000007a8c100000,0x0000007a8c200000] [id=5316]
  0x00000206c9203800 GCTaskThread "GC Thread#3" [stack: 0x0000007a8c200000,0x0000007a8c300000] [id=6016]
  0x00000206a9c18800 ConcurrentGCThread "G1 Main Marker" [stack: 0x0000007a8b000000,0x0000007a8b100000] [id=11040]
  0x00000206a9c1a000 ConcurrentGCThread "G1 Conc#0" [stack: 0x0000007a8b100000,0x0000007a8b200000] [id=10448]
  0x00000206c8040000 ConcurrentGCThread "G1 Refine#0" [stack: 0x0000007a8b200000,0x0000007a8b300000] [id=7932]
  0x00000206caa36000 ConcurrentGCThread "G1 Refine#1" [stack: 0x0000007a8c300000,0x0000007a8c400000] [id=8648]
  0x00000206ce5b0800 ConcurrentGCThread "G1 Refine#2" [stack: 0x0000007a8c400000,0x0000007a8c500000] [id=7056]
  0x00000206c8041000 ConcurrentGCThread "G1 Young RemSet Sampling" [stack: 0x0000007a8b300000,0x0000007a8b400000] [id=10252]

Threads with active compile tasks:
C2 CompilerThread0   7696 10446       4       org.jetbrains.kotlin.load.kotlin.TypeSignatureMappingKt::mapBuiltInType (364 bytes)
C2 CompilerThread1   7696 10448       4       org.jetbrains.kotlin.ir.util.IrUtilsKt::getFqNameWhenAvailable (77 bytes)

VM state:not at safepoint (normal execution)

VM Mutex/Monitor currently owned by a thread: None

Heap address: 0x0000000701c00000, size: 4068 MB, Compressed Oops mode: Zero based, Oop shift amount: 3
Narrow klass base: 0x0000000800000000, Narrow klass shift: 0
Compressed class space size: 1073741824 Address: 0x0000000800000000

Heap:
 garbage-first heap   total 315392K, used 81920K [0x0000000701c00000, 0x0000000800000000)
  region size 1024K, 34 young (34816K), 12 survivors (12288K)
 Metaspace       used 77391K, capacity 78129K, committed 78308K, reserved 1118208K
  class space    used 8772K, capacity 9048K, committed 9088K, reserved 1048576K
Heap Regions: E=young(eden), S=young(survivor), O=old, HS=humongous(starts), HC=humongous(continues), CS=collection set, F=free, A=archive, TAMS=top-at-mark-start (previous, next)
|   0|0x0000000701c00000, 0x0000000701d00000, 0x0000000701d00000|100%|HS|  |TAMS 0x0000000701d00000, 0x0000000701c00000| Complete 
|   1|0x0000000701d00000, 0x0000000701e00000, 0x0000000701e00000|100%|HC|  |TAMS 0x0000000701e00000, 0x0000000701d00000| Complete 
|   2|0x0000000701e00000, 0x0000000701f00000, 0x0000000701f00000|100%|HC|  |TAMS 0x0000000701f00000, 0x0000000701e00000| Complete 
|   3|0x0000000701f00000, 0x0000000702000000, 0x0000000702000000|100%| O|  |TAMS 0x0000000702000000, 0x0000000701f00000| Untracked 
|   4|0x0000000702000000, 0x0000000702100000, 0x0000000702100000|100%| O|  |TAMS 0x0000000702100000, 0x0000000702000000| Untracked 
|   5|0x0000000702100000, 0x0000000702200000, 0x0000000702200000|100%|HS|  |TAMS 0x0000000702200000, 0x0000000702100000| Complete 
|   6|0x0000000702200000, 0x0000000702300000, 0x0000000702300000|100%|HC|  |TAMS 0x0000000702300000, 0x0000000702200000| Complete 
|   7|0x0000000702300000, 0x0000000702400000, 0x0000000702400000|100%|HC|  |TAMS 0x0000000702400000, 0x0000000702300000| Complete 
|   8|0x0000000702400000, 0x0000000702500000, 0x0000000702500000|100%| O|  |TAMS 0x0000000702500000, 0x0000000702400000| Untracked 
|   9|0x0000000702500000, 0x0000000702600000, 0x0000000702600000|100%| O|  |TAMS 0x0000000702600000, 0x0000000702500000| Untracked 
|  10|0x0000000702600000, 0x0000000702700000, 0x0000000702700000|100%| O|  |TAMS 0x0000000702700000, 0x0000000702600000| Untracked 
|  11|0x0000000702700000, 0x0000000702800000, 0x0000000702800000|100%| O|  |TAMS 0x0000000702800000, 0x0000000702700000| Untracked 
|  12|0x0000000702800000, 0x0000000702900000, 0x0000000702900000|100%|HS|  |TAMS 0x0000000702900000, 0x0000000702800000| Complete 
|  13|0x0000000702900000, 0x0000000702a00000, 0x0000000702a00000|100%|HC|  |TAMS 0x0000000702a00000, 0x0000000702900000| Complete 
|  14|0x0000000702a00000, 0x0000000702b00000, 0x0000000702b00000|100%| O|  |TAMS 0x0000000702b00000, 0x0000000702a00000| Untracked 
|  15|0x0000000702b00000, 0x0000000702c00000, 0x0000000702c00000|100%| O|  |TAMS 0x0000000702c00000, 0x0000000702b00000| Untracked 
|  16|0x0000000702c00000, 0x0000000702d00000, 0x0000000702d00000|100%| O|  |TAMS 0x0000000702d00000, 0x0000000702c00000| Untracked 
|  17|0x0000000702d00000, 0x0000000702e00000, 0x0000000702e00000|100%| O|  |TAMS 0x0000000702e00000, 0x0000000702d00000| Untracked 
|  18|0x0000000702e00000, 0x0000000702f00000, 0x0000000702f00000|100%| O|  |TAMS 0x0000000702f00000, 0x0000000702e00000| Untracked 
|  19|0x0000000702f00000, 0x0000000703000000, 0x0000000703000000|100%| O|  |TAMS 0x0000000703000000, 0x0000000702f00000| Untracked 
|  20|0x0000000703000000, 0x0000000703100000, 0x0000000703100000|100%| O|  |TAMS 0x0000000703100000, 0x0000000703000000| Untracked 
|  21|0x0000000703100000, 0x0000000703200000, 0x0000000703200000|100%| O|  |TAMS 0x0000000703200000, 0x0000000703100000| Untracked 
|  22|0x0000000703200000, 0x0000000703300000, 0x0000000703300000|100%| O|  |TAMS 0x0000000703300000, 0x0000000703200000| Untracked 
|  23|0x0000000703300000, 0x0000000703400000, 0x0000000703400000|100%| O|  |TAMS 0x0000000703400000, 0x0000000703300000| Untracked 
|  24|0x0000000703400000, 0x0000000703500000, 0x0000000703500000|100%| O|  |TAMS 0x0000000703500000, 0x0000000703400000| Untracked 
|  25|0x0000000703500000, 0x0000000703600000, 0x0000000703600000|100%| O|  |TAMS 0x0000000703600000, 0x0000000703500000| Untracked 
|  26|0x0000000703600000, 0x0000000703700000, 0x0000000703700000|100%| O|  |TAMS 0x0000000703700000, 0x0000000703600000| Untracked 
|  27|0x0000000703700000, 0x0000000703800000, 0x0000000703800000|100%| O|  |TAMS 0x0000000703800000, 0x0000000703700000| Untracked 
|  28|0x0000000703800000, 0x0000000703900000, 0x0000000703900000|100%| O|  |TAMS 0x0000000703900000, 0x0000000703800000| Untracked 
|  29|0x0000000703900000, 0x0000000703a00000, 0x0000000703a00000|100%| O|  |TAMS 0x0000000703a00000, 0x0000000703900000| Untracked 
|  30|0x0000000703a00000, 0x0000000703b00000, 0x0000000703b00000|100%| O|  |TAMS 0x0000000703b00000, 0x0000000703a00000| Untracked 
|  31|0x0000000703b00000, 0x0000000703c00000, 0x0000000703c00000|100%| O|  |TAMS 0x0000000703c00000, 0x0000000703b00000| Untracked 
|  32|0x0000000703c00000, 0x0000000703d00000, 0x0000000703d00000|100%| O|  |TAMS 0x0000000703d00000, 0x0000000703c00000| Untracked 
|  33|0x0000000703d00000, 0x0000000703e00000, 0x0000000703e00000|100%| O|  |TAMS 0x0000000703e00000, 0x0000000703d00000| Untracked 
|  34|0x0000000703e00000, 0x0000000703f00000, 0x0000000703f00000|100%| O|  |TAMS 0x0000000703f00000, 0x0000000703e00000| Untracked 
|  35|0x0000000703f00000, 0x0000000704000000, 0x0000000704000000|100%| O|  |TAMS 0x0000000704000000, 0x0000000703f00000| Untracked 
|  36|0x0000000704000000, 0x0000000704100000, 0x0000000704100000|100%| O|  |TAMS 0x0000000704100000, 0x0000000704000000| Untracked 
|  37|0x0000000704100000, 0x0000000704200000, 0x0000000704200000|100%| O|  |TAMS 0x0000000704200000, 0x0000000704100000| Untracked 
|  38|0x0000000704200000, 0x0000000704300000, 0x0000000704300000|100%| O|  |TAMS 0x0000000704300000, 0x0000000704200000| Untracked 
|  39|0x0000000704300000, 0x0000000704400000, 0x0000000704400000|100%| O|  |TAMS 0x0000000704400000, 0x0000000704300000| Untracked 
|  40|0x0000000704400000, 0x0000000704500000, 0x0000000704500000|100%| O|  |TAMS 0x0000000704500000, 0x0000000704400000| Untracked 
|  41|0x0000000704500000, 0x0000000704600000, 0x0000000704600000|100%| O|  |TAMS 0x0000000704600000, 0x0000000704500000| Untracked 
|  42|0x0000000704600000, 0x0000000704700000, 0x0000000704700000|100%| O|  |TAMS 0x0000000704700000, 0x0000000704600000| Untracked 
|  43|0x0000000704700000, 0x0000000704800000, 0x0000000704800000|100%| O|  |TAMS 0x0000000704800000, 0x0000000704700000| Untracked 
|  44|0x0000000704800000, 0x0000000704900000, 0x0000000704900000|100%| O|  |TAMS 0x0000000704900000, 0x0000000704800000| Untracked 
|  45|0x0000000704900000, 0x0000000704a00000, 0x0000000704a00000|100%| O|  |TAMS 0x0000000704a00000, 0x0000000704900000| Untracked 
|  46|0x0000000704a00000, 0x0000000704b00000, 0x0000000704b00000|100%| O|  |TAMS 0x0000000704b00000, 0x0000000704a00000| Untracked 
|  47|0x0000000704b00000, 0x0000000704b00000, 0x0000000704c00000|  0%| F|  |TAMS 0x0000000704b00000, 0x0000000704b00000| Untracked 
|  48|0x0000000704c00000, 0x0000000704c00000, 0x0000000704d00000|  0%| F|  |TAMS 0x0000000704c00000, 0x0000000704c00000| Untracked 
|  49|0x0000000704d00000, 0x0000000704d00000, 0x0000000704e00000|  0%| F|  |TAMS 0x0000000704d00000, 0x0000000704d00000| Untracked 
|  50|0x0000000704e00000, 0x0000000704e00000, 0x0000000704f00000|  0%| F|  |TAMS 0x0000000704e00000, 0x0000000704e00000| Untracked 
|  51|0x0000000704f00000, 0x0000000704f00000, 0x0000000705000000|  0%| F|  |TAMS 0x0000000704f00000, 0x0000000704f00000| Untracked 
|  52|0x0000000705000000, 0x0000000705000000, 0x0000000705100000|  0%| F|  |TAMS 0x0000000705000000, 0x0000000705000000| Untracked 
|  53|0x0000000705100000, 0x0000000705100000, 0x0000000705200000|  0%| F|  |TAMS 0x0000000705100000, 0x0000000705100000| Untracked 
|  54|0x0000000705200000, 0x0000000705200000, 0x0000000705300000|  0%| F|  |TAMS 0x0000000705200000, 0x0000000705200000| Untracked 
|  55|0x0000000705300000, 0x0000000705300000, 0x0000000705400000|  0%| F|  |TAMS 0x0000000705300000, 0x0000000705300000| Untracked 
|  56|0x0000000705400000, 0x0000000705400000, 0x0000000705500000|  0%| F|  |TAMS 0x0000000705400000, 0x0000000705400000| Untracked 
|  57|0x0000000705500000, 0x0000000705500000, 0x0000000705600000|  0%| F|  |TAMS 0x0000000705500000, 0x0000000705500000| Untracked 
|  58|0x0000000705600000, 0x0000000705600000, 0x0000000705700000|  0%| F|  |TAMS 0x0000000705600000, 0x0000000705600000| Untracked 
|  59|0x0000000705700000, 0x0000000705700000, 0x0000000705800000|  0%| F|  |TAMS 0x0000000705700000, 0x0000000705700000| Untracked 
|  60|0x0000000705800000, 0x0000000705800000, 0x0000000705900000|  0%| F|  |TAMS 0x0000000705800000, 0x0000000705800000| Untracked 
|  61|0x0000000705900000, 0x0000000705900000, 0x0000000705a00000|  0%| F|  |TAMS 0x0000000705900000, 0x0000000705900000| Untracked 
|  62|0x0000000705a00000, 0x0000000705a00000, 0x0000000705b00000|  0%| F|  |TAMS 0x0000000705a00000, 0x0000000705a00000| Untracked 
|  63|0x0000000705b00000, 0x0000000705b00000, 0x0000000705c00000|  0%| F|  |TAMS 0x0000000705b00000, 0x0000000705b00000| Untracked 
|  64|0x0000000705c00000, 0x0000000705c00000, 0x0000000705d00000|  0%| F|  |TAMS 0x0000000705c00000, 0x0000000705c00000| Untracked 
|  65|0x0000000705d00000, 0x0000000705d00000, 0x0000000705e00000|  0%| F|  |TAMS 0x0000000705d00000, 0x0000000705d00000| Untracked 
|  66|0x0000000705e00000, 0x0000000705e00000, 0x0000000705f00000|  0%| F|  |TAMS 0x0000000705e00000, 0x0000000705e00000| Untracked 
|  67|0x0000000705f00000, 0x0000000705f00000, 0x0000000706000000|  0%| F|  |TAMS 0x0000000705f00000, 0x0000000705f00000| Untracked 
|  68|0x0000000706000000, 0x0000000706000000, 0x0000000706100000|  0%| F|  |TAMS 0x0000000706000000, 0x0000000706000000| Untracked 
|  69|0x0000000706100000, 0x0000000706100000, 0x0000000706200000|  0%| F|  |TAMS 0x0000000706100000, 0x0000000706100000| Untracked 
|  70|0x0000000706200000, 0x0000000706200000, 0x0000000706300000|  0%| F|  |TAMS 0x0000000706200000, 0x0000000706200000| Untracked 
|  71|0x0000000706300000, 0x0000000706300000, 0x0000000706400000|  0%| F|  |TAMS 0x0000000706300000, 0x0000000706300000| Untracked 
|  72|0x0000000706400000, 0x0000000706400000, 0x0000000706500000|  0%| F|  |TAMS 0x0000000706400000, 0x0000000706400000| Untracked 
|  73|0x0000000706500000, 0x0000000706500000, 0x0000000706600000|  0%| F|  |TAMS 0x0000000706500000, 0x0000000706500000| Untracked 
|  74|0x0000000706600000, 0x0000000706600000, 0x0000000706700000|  0%| F|  |TAMS 0x0000000706600000, 0x0000000706600000| Untracked 
|  75|0x0000000706700000, 0x0000000706700000, 0x0000000706800000|  0%| F|  |TAMS 0x0000000706700000, 0x0000000706700000| Untracked 
|  76|0x0000000706800000, 0x0000000706800000, 0x0000000706900000|  0%| F|  |TAMS 0x0000000706800000, 0x0000000706800000| Untracked 
|  77|0x0000000706900000, 0x0000000706900000, 0x0000000706a00000|  0%| F|  |TAMS 0x0000000706900000, 0x0000000706900000| Untracked 
|  78|0x0000000706a00000, 0x0000000706a00000, 0x0000000706b00000|  0%| F|  |TAMS 0x0000000706a00000, 0x0000000706a00000| Untracked 
|  79|0x0000000706b00000, 0x0000000706b00000, 0x0000000706c00000|  0%| F|  |TAMS 0x0000000706b00000, 0x0000000706b00000| Untracked 
|  80|0x0000000706c00000, 0x0000000706c00000, 0x0000000706d00000|  0%| F|  |TAMS 0x0000000706c00000, 0x0000000706c00000| Untracked 
|  81|0x0000000706d00000, 0x0000000706d00000, 0x0000000706e00000|  0%| F|  |TAMS 0x0000000706d00000, 0x0000000706d00000| Untracked 
|  82|0x0000000706e00000, 0x0000000706e00000, 0x0000000706f00000|  0%| F|  |TAMS 0x0000000706e00000, 0x0000000706e00000| Untracked 
|  83|0x0000000706f00000, 0x0000000706f00000, 0x0000000707000000|  0%| F|  |TAMS 0x0000000706f00000, 0x0000000706f00000| Untracked 
|  84|0x0000000707000000, 0x0000000707000000, 0x0000000707100000|  0%| F|  |TAMS 0x0000000707000000, 0x0000000707000000| Untracked 
|  85|0x0000000707100000, 0x0000000707100000, 0x0000000707200000|  0%| F|  |TAMS 0x0000000707100000, 0x0000000707100000| Untracked 
|  86|0x0000000707200000, 0x0000000707200000, 0x0000000707300000|  0%| F|  |TAMS 0x0000000707200000, 0x0000000707200000| Untracked 
|  87|0x0000000707300000, 0x0000000707300000, 0x0000000707400000|  0%| F|  |TAMS 0x0000000707300000, 0x0000000707300000| Untracked 
|  88|0x0000000707400000, 0x0000000707400000, 0x0000000707500000|  0%| F|  |TAMS 0x0000000707400000, 0x0000000707400000| Untracked 
|  89|0x0000000707500000, 0x0000000707500000, 0x0000000707600000|  0%| F|  |TAMS 0x0000000707500000, 0x0000000707500000| Untracked 
|  90|0x0000000707600000, 0x0000000707600000, 0x0000000707700000|  0%| F|  |TAMS 0x0000000707600000, 0x0000000707600000| Untracked 
|  91|0x0000000707700000, 0x0000000707700000, 0x0000000707800000|  0%| F|  |TAMS 0x0000000707700000, 0x0000000707700000| Untracked 
|  92|0x0000000707800000, 0x0000000707800000, 0x0000000707900000|  0%| F|  |TAMS 0x0000000707800000, 0x0000000707800000| Untracked 
|  93|0x0000000707900000, 0x0000000707900000, 0x0000000707a00000|  0%| F|  |TAMS 0x0000000707900000, 0x0000000707900000| Untracked 
|  94|0x0000000707a00000, 0x0000000707a00000, 0x0000000707b00000|  0%| F|  |TAMS 0x0000000707a00000, 0x0000000707a00000| Untracked 
|  95|0x0000000707b00000, 0x0000000707b00000, 0x0000000707c00000|  0%| F|  |TAMS 0x0000000707b00000, 0x0000000707b00000| Untracked 
|  96|0x0000000707c00000, 0x0000000707c00000, 0x0000000707d00000|  0%| F|  |TAMS 0x0000000707c00000, 0x0000000707c00000| Untracked 
|  97|0x0000000707d00000, 0x0000000707d00000, 0x0000000707e00000|  0%| F|  |TAMS 0x0000000707d00000, 0x0000000707d00000| Untracked 
|  98|0x0000000707e00000, 0x0000000707e00000, 0x0000000707f00000|  0%| F|  |TAMS 0x0000000707e00000, 0x0000000707e00000| Untracked 
|  99|0x0000000707f00000, 0x0000000707f00000, 0x0000000708000000|  0%| F|  |TAMS 0x0000000707f00000, 0x0000000707f00000| Untracked 
| 100|0x0000000708000000, 0x0000000708000000, 0x0000000708100000|  0%| F|  |TAMS 0x0000000708000000, 0x0000000708000000| Untracked 
| 101|0x0000000708100000, 0x0000000708100000, 0x0000000708200000|  0%| F|  |TAMS 0x0000000708100000, 0x0000000708100000| Untracked 
| 102|0x0000000708200000, 0x0000000708200000, 0x0000000708300000|  0%| F|  |TAMS 0x0000000708200000, 0x0000000708200000| Untracked 
| 103|0x0000000708300000, 0x0000000708300000, 0x0000000708400000|  0%| F|  |TAMS 0x0000000708300000, 0x0000000708300000| Untracked 
| 104|0x0000000708400000, 0x0000000708400000, 0x0000000708500000|  0%| F|  |TAMS 0x0000000708400000, 0x0000000708400000| Untracked 
| 105|0x0000000708500000, 0x0000000708500000, 0x0000000708600000|  0%| F|  |TAMS 0x0000000708500000, 0x0000000708500000| Untracked 
| 106|0x0000000708600000, 0x0000000708600000, 0x0000000708700000|  0%| F|  |TAMS 0x0000000708600000, 0x0000000708600000| Untracked 
| 107|0x0000000708700000, 0x0000000708700000, 0x0000000708800000|  0%| F|  |TAMS 0x0000000708700000, 0x0000000708700000| Untracked 
| 108|0x0000000708800000, 0x0000000708800000, 0x0000000708900000|  0%| F|  |TAMS 0x0000000708800000, 0x0000000708800000| Untracked 
| 109|0x0000000708900000, 0x0000000708900000, 0x0000000708a00000|  0%| F|  |TAMS 0x0000000708900000, 0x0000000708900000| Untracked 
| 110|0x0000000708a00000, 0x0000000708a00000, 0x0000000708b00000|  0%| F|  |TAMS 0x0000000708a00000, 0x0000000708a00000| Untracked 
| 111|0x0000000708b00000, 0x0000000708b00000, 0x0000000708c00000|  0%| F|  |TAMS 0x0000000708b00000, 0x0000000708b00000| Untracked 
| 112|0x0000000708c00000, 0x0000000708c00000, 0x0000000708d00000|  0%| F|  |TAMS 0x0000000708c00000, 0x0000000708c00000| Untracked 
| 113|0x0000000708d00000, 0x0000000708d00000, 0x0000000708e00000|  0%| F|  |TAMS 0x0000000708d00000, 0x0000000708d00000| Untracked 
| 114|0x0000000708e00000, 0x0000000708e00000, 0x0000000708f00000|  0%| F|  |TAMS 0x0000000708e00000, 0x0000000708e00000| Untracked 
| 115|0x0000000708f00000, 0x0000000708f00000, 0x0000000709000000|  0%| F|  |TAMS 0x0000000708f00000, 0x0000000708f00000| Untracked 
| 116|0x0000000709000000, 0x0000000709000000, 0x0000000709100000|  0%| F|  |TAMS 0x0000000709000000, 0x0000000709000000| Untracked 
| 117|0x0000000709100000, 0x0000000709100000, 0x0000000709200000|  0%| F|  |TAMS 0x0000000709100000, 0x0000000709100000| Untracked 
| 118|0x0000000709200000, 0x0000000709200000, 0x0000000709300000|  0%| F|  |TAMS 0x0000000709200000, 0x0000000709200000| Untracked 
| 119|0x0000000709300000, 0x0000000709300000, 0x0000000709400000|  0%| F|  |TAMS 0x0000000709300000, 0x0000000709300000| Untracked 
| 120|0x0000000709400000, 0x0000000709400000, 0x0000000709500000|  0%| F|  |TAMS 0x0000000709400000, 0x0000000709400000| Untracked 
| 121|0x0000000709500000, 0x0000000709500000, 0x0000000709600000|  0%| F|  |TAMS 0x0000000709500000, 0x0000000709500000| Untracked 
| 122|0x0000000709600000, 0x0000000709600000, 0x0000000709700000|  0%| F|  |TAMS 0x0000000709600000, 0x0000000709600000| Untracked 
| 123|0x0000000709700000, 0x0000000709700000, 0x0000000709800000|  0%| F|  |TAMS 0x0000000709700000, 0x0000000709700000| Untracked 
| 124|0x0000000709800000, 0x0000000709800000, 0x0000000709900000|  0%| F|  |TAMS 0x0000000709800000, 0x0000000709800000| Untracked 
| 125|0x0000000709900000, 0x0000000709900000, 0x0000000709a00000|  0%| F|  |TAMS 0x0000000709900000, 0x0000000709900000| Untracked 
| 126|0x0000000709a00000, 0x0000000709a00000, 0x0000000709b00000|  0%| F|  |TAMS 0x0000000709a00000, 0x0000000709a00000| Untracked 
| 127|0x0000000709b00000, 0x0000000709b00000, 0x0000000709c00000|  0%| F|  |TAMS 0x0000000709b00000, 0x0000000709b00000| Untracked 
| 128|0x0000000709c00000, 0x0000000709c00000, 0x0000000709d00000|  0%| F|  |TAMS 0x0000000709c00000, 0x0000000709c00000| Untracked 
| 129|0x0000000709d00000, 0x0000000709d00000, 0x0000000709e00000|  0%| F|  |TAMS 0x0000000709d00000, 0x0000000709d00000| Untracked 
| 130|0x0000000709e00000, 0x0000000709e00000, 0x0000000709f00000|  0%| F|  |TAMS 0x0000000709e00000, 0x0000000709e00000| Untracked 
| 131|0x0000000709f00000, 0x0000000709f00000, 0x000000070a000000|  0%| F|  |TAMS 0x0000000709f00000, 0x0000000709f00000| Untracked 
| 132|0x000000070a000000, 0x000000070a000000, 0x000000070a100000|  0%| F|  |TAMS 0x000000070a000000, 0x000000070a000000| Untracked 
| 133|0x000000070a100000, 0x000000070a100000, 0x000000070a200000|  0%| F|  |TAMS 0x000000070a100000, 0x000000070a100000| Untracked 
| 134|0x000000070a200000, 0x000000070a200000, 0x000000070a300000|  0%| F|  |TAMS 0x000000070a200000, 0x000000070a200000| Untracked 
| 135|0x000000070a300000, 0x000000070a300000, 0x000000070a400000|  0%| F|  |TAMS 0x000000070a300000, 0x000000070a300000| Untracked 
| 136|0x000000070a400000, 0x000000070a400000, 0x000000070a500000|  0%| F|  |TAMS 0x000000070a400000, 0x000000070a400000| Untracked 
| 137|0x000000070a500000, 0x000000070a500000, 0x000000070a600000|  0%| F|  |TAMS 0x000000070a500000, 0x000000070a500000| Untracked 
| 138|0x000000070a600000, 0x000000070a600000, 0x000000070a700000|  0%| F|  |TAMS 0x000000070a600000, 0x000000070a600000| Untracked 
| 139|0x000000070a700000, 0x000000070a700000, 0x000000070a800000|  0%| F|  |TAMS 0x000000070a700000, 0x000000070a700000| Untracked 
| 140|0x000000070a800000, 0x000000070a800000, 0x000000070a900000|  0%| F|  |TAMS 0x000000070a800000, 0x000000070a800000| Untracked 
| 141|0x000000070a900000, 0x000000070a900000, 0x000000070aa00000|  0%| F|  |TAMS 0x000000070a900000, 0x000000070a900000| Untracked 
| 142|0x000000070aa00000, 0x000000070aa00000, 0x000000070ab00000|  0%| F|  |TAMS 0x000000070aa00000, 0x000000070aa00000| Untracked 
| 143|0x000000070ab00000, 0x000000070ab00000, 0x000000070ac00000|  0%| F|  |TAMS 0x000000070ab00000, 0x000000070ab00000| Untracked 
| 144|0x000000070ac00000, 0x000000070ac00000, 0x000000070ad00000|  0%| F|  |TAMS 0x000000070ac00000, 0x000000070ac00000| Untracked 
| 145|0x000000070ad00000, 0x000000070ad00000, 0x000000070ae00000|  0%| F|  |TAMS 0x000000070ad00000, 0x000000070ad00000| Untracked 
| 146|0x000000070ae00000, 0x000000070ae00000, 0x000000070af00000|  0%| F|  |TAMS 0x000000070ae00000, 0x000000070ae00000| Untracked 
| 147|0x000000070af00000, 0x000000070af00000, 0x000000070b000000|  0%| F|  |TAMS 0x000000070af00000, 0x000000070af00000| Untracked 
| 148|0x000000070b000000, 0x000000070b000000, 0x000000070b100000|  0%| F|  |TAMS 0x000000070b000000, 0x000000070b000000| Untracked 
| 149|0x000000070b100000, 0x000000070b100000, 0x000000070b200000|  0%| F|  |TAMS 0x000000070b100000, 0x000000070b100000| Untracked 
| 150|0x000000070b200000, 0x000000070b200000, 0x000000070b300000|  0%| F|  |TAMS 0x000000070b200000, 0x000000070b200000| Untracked 
| 151|0x000000070b300000, 0x000000070b300000, 0x000000070b400000|  0%| F|  |TAMS 0x000000070b300000, 0x000000070b300000| Untracked 
| 152|0x000000070b400000, 0x000000070b400000, 0x000000070b500000|  0%| F|  |TAMS 0x000000070b400000, 0x000000070b400000| Untracked 
| 153|0x000000070b500000, 0x000000070b500000, 0x000000070b600000|  0%| F|  |TAMS 0x000000070b500000, 0x000000070b500000| Untracked 
| 154|0x000000070b600000, 0x000000070b600000, 0x000000070b700000|  0%| F|  |TAMS 0x000000070b600000, 0x000000070b600000| Untracked 
| 155|0x000000070b700000, 0x000000070b700000, 0x000000070b800000|  0%| F|  |TAMS 0x000000070b700000, 0x000000070b700000| Untracked 
| 156|0x000000070b800000, 0x000000070b800000, 0x000000070b900000|  0%| F|  |TAMS 0x000000070b800000, 0x000000070b800000| Untracked 
| 157|0x000000070b900000, 0x000000070b900000, 0x000000070ba00000|  0%| F|  |TAMS 0x000000070b900000, 0x000000070b900000| Untracked 
| 158|0x000000070ba00000, 0x000000070ba00000, 0x000000070bb00000|  0%| F|  |TAMS 0x000000070ba00000, 0x000000070ba00000| Untracked 
| 159|0x000000070bb00000, 0x000000070bb00000, 0x000000070bc00000|  0%| F|  |TAMS 0x000000070bb00000, 0x000000070bb00000| Untracked 
| 160|0x000000070bc00000, 0x000000070bc00000, 0x000000070bd00000|  0%| F|  |TAMS 0x000000070bc00000, 0x000000070bc00000| Untracked 
| 161|0x000000070bd00000, 0x000000070be00000, 0x000000070be00000|100%| S|CS|TAMS 0x000000070bd00000, 0x000000070bd00000| Complete 
| 162|0x000000070be00000, 0x000000070bf00000, 0x000000070bf00000|100%| S|CS|TAMS 0x000000070be00000, 0x000000070be00000| Complete 
| 163|0x000000070bf00000, 0x000000070c000000, 0x000000070c000000|100%| S|CS|TAMS 0x000000070bf00000, 0x000000070bf00000| Complete 
| 164|0x000000070c000000, 0x000000070c100000, 0x000000070c100000|100%| S|CS|TAMS 0x000000070c000000, 0x000000070c000000| Complete 
| 165|0x000000070c100000, 0x000000070c200000, 0x000000070c200000|100%| S|CS|TAMS 0x000000070c100000, 0x000000070c100000| Complete 
| 166|0x000000070c200000, 0x000000070c300000, 0x000000070c300000|100%| S|CS|TAMS 0x000000070c200000, 0x000000070c200000| Complete 
| 167|0x000000070c300000, 0x000000070c400000, 0x000000070c400000|100%| S|CS|TAMS 0x000000070c300000, 0x000000070c300000| Complete 
| 168|0x000000070c400000, 0x000000070c500000, 0x000000070c500000|100%| S|CS|TAMS 0x000000070c400000, 0x000000070c400000| Complete 
| 169|0x000000070c500000, 0x000000070c600000, 0x000000070c600000|100%| S|CS|TAMS 0x000000070c500000, 0x000000070c500000| Complete 
| 170|0x000000070c600000, 0x000000070c700000, 0x000000070c700000|100%| S|CS|TAMS 0x000000070c600000, 0x000000070c600000| Complete 
| 171|0x000000070c700000, 0x000000070c800000, 0x000000070c800000|100%| S|CS|TAMS 0x000000070c700000, 0x000000070c700000| Complete 
| 172|0x000000070c800000, 0x000000070c900000, 0x000000070c900000|100%| S|CS|TAMS 0x000000070c800000, 0x000000070c800000| Complete 
| 173|0x000000070c900000, 0x000000070c900000, 0x000000070ca00000|  0%| F|  |TAMS 0x000000070c900000, 0x000000070c900000| Untracked 
| 174|0x000000070ca00000, 0x000000070ca00000, 0x000000070cb00000|  0%| F|  |TAMS 0x000000070ca00000, 0x000000070ca00000| Untracked 
| 175|0x000000070cb00000, 0x000000070cb00000, 0x000000070cc00000|  0%| F|  |TAMS 0x000000070cb00000, 0x000000070cb00000| Untracked 
| 176|0x000000070cc00000, 0x000000070cc00000, 0x000000070cd00000|  0%| F|  |TAMS 0x000000070cc00000, 0x000000070cc00000| Untracked 
| 177|0x000000070cd00000, 0x000000070cd00000, 0x000000070ce00000|  0%| F|  |TAMS 0x000000070cd00000, 0x000000070cd00000| Untracked 
| 178|0x000000070ce00000, 0x000000070ce00000, 0x000000070cf00000|  0%| F|  |TAMS 0x000000070ce00000, 0x000000070ce00000| Untracked 
| 179|0x000000070cf00000, 0x000000070cf00000, 0x000000070d000000|  0%| F|  |TAMS 0x000000070cf00000, 0x000000070cf00000| Untracked 
| 180|0x000000070d000000, 0x000000070d000000, 0x000000070d100000|  0%| F|  |TAMS 0x000000070d000000, 0x000000070d000000| Untracked 
| 181|0x000000070d100000, 0x000000070d100000, 0x000000070d200000|  0%| F|  |TAMS 0x000000070d100000, 0x000000070d100000| Untracked 
| 182|0x000000070d200000, 0x000000070d200000, 0x000000070d300000|  0%| F|  |TAMS 0x000000070d200000, 0x000000070d200000| Untracked 
| 183|0x000000070d300000, 0x000000070d300000, 0x000000070d400000|  0%| F|  |TAMS 0x000000070d300000, 0x000000070d300000| Untracked 
| 184|0x000000070d400000, 0x000000070d400000, 0x000000070d500000|  0%| F|  |TAMS 0x000000070d400000, 0x000000070d400000| Untracked 
| 185|0x000000070d500000, 0x000000070d500000, 0x000000070d600000|  0%| F|  |TAMS 0x000000070d500000, 0x000000070d500000| Untracked 
| 186|0x000000070d600000, 0x000000070d600000, 0x000000070d700000|  0%| F|  |TAMS 0x000000070d600000, 0x000000070d600000| Untracked 
| 187|0x000000070d700000, 0x000000070d700000, 0x000000070d800000|  0%| F|  |TAMS 0x000000070d700000, 0x000000070d700000| Untracked 
| 188|0x000000070d800000, 0x000000070d800000, 0x000000070d900000|  0%| F|  |TAMS 0x000000070d800000, 0x000000070d800000| Untracked 
| 189|0x000000070d900000, 0x000000070d900000, 0x000000070da00000|  0%| F|  |TAMS 0x000000070d900000, 0x000000070d900000| Untracked 
| 190|0x000000070da00000, 0x000000070da00000, 0x000000070db00000|  0%| F|  |TAMS 0x000000070da00000, 0x000000070da00000| Untracked 
| 191|0x000000070db00000, 0x000000070db00000, 0x000000070dc00000|  0%| F|  |TAMS 0x000000070db00000, 0x000000070db00000| Untracked 
| 192|0x000000070dc00000, 0x000000070dc00000, 0x000000070dd00000|  0%| F|  |TAMS 0x000000070dc00000, 0x000000070dc00000| Untracked 
| 193|0x000000070dd00000, 0x000000070dd00000, 0x000000070de00000|  0%| F|  |TAMS 0x000000070dd00000, 0x000000070dd00000| Untracked 
| 194|0x000000070de00000, 0x000000070de00000, 0x000000070df00000|  0%| F|  |TAMS 0x000000070de00000, 0x000000070de00000| Untracked 
| 195|0x000000070df00000, 0x000000070df00000, 0x000000070e000000|  0%| F|  |TAMS 0x000000070df00000, 0x000000070df00000| Untracked 
| 196|0x000000070e000000, 0x000000070e000000, 0x000000070e100000|  0%| F|  |TAMS 0x000000070e000000, 0x000000070e000000| Untracked 
| 197|0x000000070e100000, 0x000000070e100000, 0x000000070e200000|  0%| F|  |TAMS 0x000000070e100000, 0x000000070e100000| Untracked 
| 198|0x000000070e200000, 0x000000070e200000, 0x000000070e300000|  0%| F|  |TAMS 0x000000070e200000, 0x000000070e200000| Untracked 
| 199|0x000000070e300000, 0x000000070e300000, 0x000000070e400000|  0%| F|  |TAMS 0x000000070e300000, 0x000000070e300000| Untracked 
| 200|0x000000070e400000, 0x000000070e400000, 0x000000070e500000|  0%| F|  |TAMS 0x000000070e400000, 0x000000070e400000| Untracked 
| 201|0x000000070e500000, 0x000000070e500000, 0x000000070e600000|  0%| F|  |TAMS 0x000000070e500000, 0x000000070e500000| Untracked 
| 202|0x000000070e600000, 0x000000070e600000, 0x000000070e700000|  0%| F|  |TAMS 0x000000070e600000, 0x000000070e600000| Untracked 
| 203|0x000000070e700000, 0x000000070e700000, 0x000000070e800000|  0%| F|  |TAMS 0x000000070e700000, 0x000000070e700000| Untracked 
| 204|0x000000070e800000, 0x000000070e800000, 0x000000070e900000|  0%| F|  |TAMS 0x000000070e800000, 0x000000070e800000| Untracked 
| 205|0x000000070e900000, 0x000000070e900000, 0x000000070ea00000|  0%| F|  |TAMS 0x000000070e900000, 0x000000070e900000| Untracked 
| 206|0x000000070ea00000, 0x000000070ea00000, 0x000000070eb00000|  0%| F|  |TAMS 0x000000070ea00000, 0x000000070ea00000| Untracked 
| 207|0x000000070eb00000, 0x000000070eb00000, 0x000000070ec00000|  0%| F|  |TAMS 0x000000070eb00000, 0x000000070eb00000| Untracked 
| 208|0x000000070ec00000, 0x000000070ec00000, 0x000000070ed00000|  0%| F|  |TAMS 0x000000070ec00000, 0x000000070ec00000| Untracked 
| 209|0x000000070ed00000, 0x000000070ed00000, 0x000000070ee00000|  0%| F|  |TAMS 0x000000070ed00000, 0x000000070ed00000| Untracked 
| 210|0x000000070ee00000, 0x000000070ee00000, 0x000000070ef00000|  0%| F|  |TAMS 0x000000070ee00000, 0x000000070ee00000| Untracked 
| 211|0x000000070ef00000, 0x000000070ef00000, 0x000000070f000000|  0%| F|  |TAMS 0x000000070ef00000, 0x000000070ef00000| Untracked 
| 212|0x000000070f000000, 0x000000070f000000, 0x000000070f100000|  0%| F|  |TAMS 0x000000070f000000, 0x000000070f000000| Untracked 
| 213|0x000000070f100000, 0x000000070f100000, 0x000000070f200000|  0%| F|  |TAMS 0x000000070f100000, 0x000000070f100000| Untracked 
| 214|0x000000070f200000, 0x000000070f200000, 0x000000070f300000|  0%| F|  |TAMS 0x000000070f200000, 0x000000070f200000| Untracked 
| 215|0x000000070f300000, 0x000000070f300000, 0x000000070f400000|  0%| F|  |TAMS 0x000000070f300000, 0x000000070f300000| Untracked 
| 216|0x000000070f400000, 0x000000070f400000, 0x000000070f500000|  0%| F|  |TAMS 0x000000070f400000, 0x000000070f400000| Untracked 
| 217|0x000000070f500000, 0x000000070f500000, 0x000000070f600000|  0%| F|  |TAMS 0x000000070f500000, 0x000000070f500000| Untracked 
| 218|0x000000070f600000, 0x000000070f600000, 0x000000070f700000|  0%| F|  |TAMS 0x000000070f600000, 0x000000070f600000| Untracked 
| 219|0x000000070f700000, 0x000000070f700000, 0x000000070f800000|  0%| F|  |TAMS 0x000000070f700000, 0x000000070f700000| Untracked 
| 220|0x000000070f800000, 0x000000070f800000, 0x000000070f900000|  0%| F|  |TAMS 0x000000070f800000, 0x000000070f800000| Untracked 
| 221|0x000000070f900000, 0x000000070f900000, 0x000000070fa00000|  0%| F|  |TAMS 0x000000070f900000, 0x000000070f900000| Untracked 
| 222|0x000000070fa00000, 0x000000070fa00000, 0x000000070fb00000|  0%| F|  |TAMS 0x000000070fa00000, 0x000000070fa00000| Untracked 
| 223|0x000000070fb00000, 0x000000070fb00000, 0x000000070fc00000|  0%| F|  |TAMS 0x000000070fb00000, 0x000000070fb00000| Untracked 
| 224|0x000000070fc00000, 0x000000070fc00000, 0x000000070fd00000|  0%| F|  |TAMS 0x000000070fc00000, 0x000000070fc00000| Untracked 
| 225|0x000000070fd00000, 0x000000070fd00000, 0x000000070fe00000|  0%| F|  |TAMS 0x000000070fd00000, 0x000000070fd00000| Untracked 
| 226|0x000000070fe00000, 0x000000070fe00000, 0x000000070ff00000|  0%| F|  |TAMS 0x000000070fe00000, 0x000000070fe00000| Untracked 
| 227|0x000000070ff00000, 0x000000070ff00000, 0x0000000710000000|  0%| F|  |TAMS 0x000000070ff00000, 0x000000070ff00000| Untracked 
| 228|0x0000000710000000, 0x0000000710000000, 0x0000000710100000|  0%| F|  |TAMS 0x0000000710000000, 0x0000000710000000| Untracked 
| 229|0x0000000710100000, 0x0000000710100000, 0x0000000710200000|  0%| F|  |TAMS 0x0000000710100000, 0x0000000710100000| Untracked 
| 230|0x0000000710200000, 0x0000000710200000, 0x0000000710300000|  0%| F|  |TAMS 0x0000000710200000, 0x0000000710200000| Untracked 
| 231|0x0000000710300000, 0x0000000710300000, 0x0000000710400000|  0%| F|  |TAMS 0x0000000710300000, 0x0000000710300000| Untracked 
| 232|0x0000000710400000, 0x0000000710400000, 0x0000000710500000|  0%| F|  |TAMS 0x0000000710400000, 0x0000000710400000| Untracked 
| 233|0x0000000710500000, 0x0000000710500000, 0x0000000710600000|  0%| F|  |TAMS 0x0000000710500000, 0x0000000710500000| Untracked 
| 234|0x0000000710600000, 0x0000000710600000, 0x0000000710700000|  0%| F|  |TAMS 0x0000000710600000, 0x0000000710600000| Untracked 
| 235|0x0000000710700000, 0x0000000710700000, 0x0000000710800000|  0%| F|  |TAMS 0x0000000710700000, 0x0000000710700000| Untracked 
| 236|0x0000000710800000, 0x0000000710800000, 0x0000000710900000|  0%| F|  |TAMS 0x0000000710800000, 0x0000000710800000| Untracked 
| 237|0x0000000710900000, 0x0000000710900000, 0x0000000710a00000|  0%| F|  |TAMS 0x0000000710900000, 0x0000000710900000| Untracked 
| 238|0x0000000710a00000, 0x0000000710a00000, 0x0000000710b00000|  0%| F|  |TAMS 0x0000000710a00000, 0x0000000710a00000| Untracked 
| 239|0x0000000710b00000, 0x0000000710b00000, 0x0000000710c00000|  0%| F|  |TAMS 0x0000000710b00000, 0x0000000710b00000| Untracked 
| 240|0x0000000710c00000, 0x0000000710c00000, 0x0000000710d00000|  0%| F|  |TAMS 0x0000000710c00000, 0x0000000710c00000| Untracked 
| 241|0x0000000710d00000, 0x0000000710d00000, 0x0000000710e00000|  0%| F|  |TAMS 0x0000000710d00000, 0x0000000710d00000| Untracked 
| 242|0x0000000710e00000, 0x0000000710e00000, 0x0000000710f00000|  0%| F|  |TAMS 0x0000000710e00000, 0x0000000710e00000| Untracked 
| 243|0x0000000710f00000, 0x0000000710f00000, 0x0000000711000000|  0%| F|  |TAMS 0x0000000710f00000, 0x0000000710f00000| Untracked 
| 244|0x0000000711000000, 0x0000000711000000, 0x0000000711100000|  0%| F|  |TAMS 0x0000000711000000, 0x0000000711000000| Untracked 
| 245|0x0000000711100000, 0x0000000711100000, 0x0000000711200000|  0%| F|  |TAMS 0x0000000711100000, 0x0000000711100000| Untracked 
| 246|0x0000000711200000, 0x0000000711200000, 0x0000000711300000|  0%| F|  |TAMS 0x0000000711200000, 0x0000000711200000| Untracked 
| 247|0x0000000711300000, 0x0000000711300000, 0x0000000711400000|  0%| F|  |TAMS 0x0000000711300000, 0x0000000711300000| Untracked 
| 248|0x0000000711400000, 0x0000000711400000, 0x0000000711500000|  0%| F|  |TAMS 0x0000000711400000, 0x0000000711400000| Untracked 
| 249|0x0000000711500000, 0x0000000711500000, 0x0000000711600000|  0%| F|  |TAMS 0x0000000711500000, 0x0000000711500000| Untracked 
| 250|0x0000000711600000, 0x0000000711600000, 0x0000000711700000|  0%| F|  |TAMS 0x0000000711600000, 0x0000000711600000| Untracked 
| 251|0x0000000711700000, 0x0000000711700000, 0x0000000711800000|  0%| F|  |TAMS 0x0000000711700000, 0x0000000711700000| Untracked 
| 252|0x0000000711800000, 0x0000000711800000, 0x0000000711900000|  0%| F|  |TAMS 0x0000000711800000, 0x0000000711800000| Untracked 
| 253|0x0000000711900000, 0x0000000711900000, 0x0000000711a00000|  0%| F|  |TAMS 0x0000000711900000, 0x0000000711900000| Untracked 
| 254|0x0000000711a00000, 0x0000000711a00000, 0x0000000711b00000|  0%| F|  |TAMS 0x0000000711a00000, 0x0000000711a00000| Untracked 
| 255|0x0000000711b00000, 0x0000000711b00000, 0x0000000711c00000|  0%| F|  |TAMS 0x0000000711b00000, 0x0000000711b00000| Untracked 
| 256|0x0000000711c00000, 0x0000000711c00000, 0x0000000711d00000|  0%| F|  |TAMS 0x0000000711c00000, 0x0000000711c00000| Untracked 
| 257|0x0000000711d00000, 0x0000000711d00000, 0x0000000711e00000|  0%| F|  |TAMS 0x0000000711d00000, 0x0000000711d00000| Untracked 
| 258|0x0000000711e00000, 0x0000000711e00000, 0x0000000711f00000|  0%| F|  |TAMS 0x0000000711e00000, 0x0000000711e00000| Untracked 
| 259|0x0000000711f00000, 0x0000000711f00000, 0x0000000712000000|  0%| F|  |TAMS 0x0000000711f00000, 0x0000000711f00000| Untracked 
| 260|0x0000000712000000, 0x0000000712000000, 0x0000000712100000|  0%| F|  |TAMS 0x0000000712000000, 0x0000000712000000| Untracked 
| 261|0x0000000712100000, 0x0000000712100000, 0x0000000712200000|  0%| F|  |TAMS 0x0000000712100000, 0x0000000712100000| Untracked 
| 262|0x0000000712200000, 0x0000000712200000, 0x0000000712300000|  0%| F|  |TAMS 0x0000000712200000, 0x0000000712200000| Untracked 
| 263|0x0000000712300000, 0x0000000712300000, 0x0000000712400000|  0%| F|  |TAMS 0x0000000712300000, 0x0000000712300000| Untracked 
| 264|0x0000000712400000, 0x0000000712400000, 0x0000000712500000|  0%| F|  |TAMS 0x0000000712400000, 0x0000000712400000| Untracked 
| 265|0x0000000712500000, 0x0000000712500000, 0x0000000712600000|  0%| F|  |TAMS 0x0000000712500000, 0x0000000712500000| Untracked 
| 266|0x0000000712600000, 0x0000000712600000, 0x0000000712700000|  0%| F|  |TAMS 0x0000000712600000, 0x0000000712600000| Untracked 
| 267|0x0000000712700000, 0x0000000712700000, 0x0000000712800000|  0%| F|  |TAMS 0x0000000712700000, 0x0000000712700000| Untracked 
| 268|0x0000000712800000, 0x0000000712800000, 0x0000000712900000|  0%| F|  |TAMS 0x0000000712800000, 0x0000000712800000| Untracked 
| 269|0x0000000712900000, 0x0000000712900000, 0x0000000712a00000|  0%| F|  |TAMS 0x0000000712900000, 0x0000000712900000| Untracked 
| 270|0x0000000712a00000, 0x0000000712a00000, 0x0000000712b00000|  0%| F|  |TAMS 0x0000000712a00000, 0x0000000712a00000| Untracked 
| 271|0x0000000712b00000, 0x0000000712b00000, 0x0000000712c00000|  0%| F|  |TAMS 0x0000000712b00000, 0x0000000712b00000| Untracked 
| 272|0x0000000712c00000, 0x0000000712c00000, 0x0000000712d00000|  0%| F|  |TAMS 0x0000000712c00000, 0x0000000712c00000| Untracked 
| 273|0x0000000712d00000, 0x0000000712d00000, 0x0000000712e00000|  0%| F|  |TAMS 0x0000000712d00000, 0x0000000712d00000| Untracked 
| 274|0x0000000712e00000, 0x0000000712e00000, 0x0000000712f00000|  0%| F|  |TAMS 0x0000000712e00000, 0x0000000712e00000| Untracked 
| 275|0x0000000712f00000, 0x0000000712f00000, 0x0000000713000000|  0%| F|  |TAMS 0x0000000712f00000, 0x0000000712f00000| Untracked 
| 276|0x0000000713000000, 0x0000000713000000, 0x0000000713100000|  0%| F|  |TAMS 0x0000000713000000, 0x0000000713000000| Untracked 
| 277|0x0000000713100000, 0x0000000713100000, 0x0000000713200000|  0%| F|  |TAMS 0x0000000713100000, 0x0000000713100000| Untracked 
| 278|0x0000000713200000, 0x0000000713200000, 0x0000000713300000|  0%| F|  |TAMS 0x0000000713200000, 0x0000000713200000| Untracked 
| 279|0x0000000713300000, 0x0000000713300000, 0x0000000713400000|  0%| F|  |TAMS 0x0000000713300000, 0x0000000713300000| Untracked 
| 280|0x0000000713400000, 0x0000000713400000, 0x0000000713500000|  0%| F|  |TAMS 0x0000000713400000, 0x0000000713400000| Untracked 
| 281|0x0000000713500000, 0x0000000713500000, 0x0000000713600000|  0%| F|  |TAMS 0x0000000713500000, 0x0000000713500000| Untracked 
| 282|0x0000000713600000, 0x0000000713600000, 0x0000000713700000|  0%| F|  |TAMS 0x0000000713600000, 0x0000000713600000| Untracked 
| 283|0x0000000713700000, 0x0000000713700000, 0x0000000713800000|  0%| F|  |TAMS 0x0000000713700000, 0x0000000713700000| Untracked 
| 284|0x0000000713800000, 0x0000000713800000, 0x0000000713900000|  0%| F|  |TAMS 0x0000000713800000, 0x0000000713800000| Untracked 
| 285|0x0000000713900000, 0x0000000713909c50, 0x0000000713a00000|  3%| E|  |TAMS 0x0000000713900000, 0x0000000713900000| Complete 
| 286|0x0000000713a00000, 0x0000000713b00000, 0x0000000713b00000|100%| E|CS|TAMS 0x0000000713a00000, 0x0000000713a00000| Complete 
| 287|0x0000000713b00000, 0x0000000713c00000, 0x0000000713c00000|100%| E|CS|TAMS 0x0000000713b00000, 0x0000000713b00000| Complete 
| 288|0x0000000713c00000, 0x0000000713d00000, 0x0000000713d00000|100%| E|CS|TAMS 0x0000000713c00000, 0x0000000713c00000| Complete 
| 289|0x0000000713d00000, 0x0000000713e00000, 0x0000000713e00000|100%| E|CS|TAMS 0x0000000713d00000, 0x0000000713d00000| Complete 
| 290|0x0000000713e00000, 0x0000000713f00000, 0x0000000713f00000|100%| E|CS|TAMS 0x0000000713e00000, 0x0000000713e00000| Complete 
| 291|0x0000000713f00000, 0x0000000714000000, 0x0000000714000000|100%| E|CS|TAMS 0x0000000713f00000, 0x0000000713f00000| Complete 
| 292|0x0000000714000000, 0x0000000714100000, 0x0000000714100000|100%| E|CS|TAMS 0x0000000714000000, 0x0000000714000000| Complete 
| 293|0x0000000714100000, 0x0000000714200000, 0x0000000714200000|100%| E|CS|TAMS 0x0000000714100000, 0x0000000714100000| Complete 
| 294|0x0000000714200000, 0x0000000714300000, 0x0000000714300000|100%| E|CS|TAMS 0x0000000714200000, 0x0000000714200000| Complete 
| 295|0x0000000714300000, 0x0000000714400000, 0x0000000714400000|100%| E|CS|TAMS 0x0000000714300000, 0x0000000714300000| Complete 
| 296|0x0000000714400000, 0x0000000714500000, 0x0000000714500000|100%| E|CS|TAMS 0x0000000714400000, 0x0000000714400000| Complete 
| 297|0x0000000714500000, 0x0000000714600000, 0x0000000714600000|100%| E|CS|TAMS 0x0000000714500000, 0x0000000714500000| Complete 
| 298|0x0000000714600000, 0x0000000714700000, 0x0000000714700000|100%| E|CS|TAMS 0x0000000714600000, 0x0000000714600000| Complete 
| 299|0x0000000714700000, 0x0000000714800000, 0x0000000714800000|100%| E|CS|TAMS 0x0000000714700000, 0x0000000714700000| Complete 
| 300|0x0000000714800000, 0x0000000714900000, 0x0000000714900000|100%| E|CS|TAMS 0x0000000714800000, 0x0000000714800000| Complete 
| 301|0x0000000714900000, 0x0000000714a00000, 0x0000000714a00000|100%| E|CS|TAMS 0x0000000714900000, 0x0000000714900000| Complete 
| 302|0x0000000714a00000, 0x0000000714b00000, 0x0000000714b00000|100%| E|CS|TAMS 0x0000000714a00000, 0x0000000714a00000| Complete 
| 303|0x0000000714b00000, 0x0000000714c00000, 0x0000000714c00000|100%| E|CS|TAMS 0x0000000714b00000, 0x0000000714b00000| Complete 
| 304|0x0000000714c00000, 0x0000000714d00000, 0x0000000714d00000|100%| E|CS|TAMS 0x0000000714c00000, 0x0000000714c00000| Complete 
| 305|0x0000000714d00000, 0x0000000714e00000, 0x0000000714e00000|100%| E|CS|TAMS 0x0000000714d00000, 0x0000000714d00000| Complete 
| 306|0x0000000714e00000, 0x0000000714f00000, 0x0000000714f00000|100%| E|CS|TAMS 0x0000000714e00000, 0x0000000714e00000| Complete 
| 307|0x0000000714f00000, 0x0000000715000000, 0x0000000715000000|100%| E|CS|TAMS 0x0000000714f00000, 0x0000000714f00000| Complete 

Card table byte_map: [0x00000206bcd10000,0x00000206bd510000] _byte_map_base: 0x00000206b9502000

Marking Bits (Prev, Next): (CMBitMap*) 0x00000206a9c07cb8, (CMBitMap*) 0x00000206a9c07cf0
 Prev Bits: [0x00000206bdd10000, 0x00000206c1ca0000)
 Next Bits: [0x00000206c1ca0000, 0x00000206c5c30000)

Polling page: 0x00000206a9370000

Metaspace:

Usage:
  Non-class:     67.52 MB capacity,    67.08 MB (>99%) used,   349.22 KB ( <1%) free+waste,   105.56 KB ( <1%) overhead. 
      Class:      8.87 MB capacity,     8.57 MB ( 97%) used,   260.03 KB (  3%) free+waste,    42.69 KB ( <1%) overhead. 
       Both:     76.39 MB capacity,    75.65 MB (>99%) used,   609.25 KB ( <1%) free+waste,   148.25 KB ( <1%) overhead. 

Virtual space:
  Non-class space:       68.00 MB reserved,      67.60 MB (>99%) committed 
      Class space:        1.00 GB reserved,       8.88 MB ( <1%) committed 
             Both:        1.07 GB reserved,      76.47 MB (  7%) committed 

Chunk freelists:
   Non-Class:  75.00 KB
       Class:  8.00 KB
        Both:  83.00 KB

MaxMetaspaceSize: 17179869184.00 GB
CompressedClassSpaceSize: 1.00 GB

CodeHeap 'non-profiled nmethods': size=120064Kb used=4850Kb max_used=4850Kb free=115213Kb
 bounds [0x00000206b4fd0000, 0x00000206b5490000, 0x00000206bc510000]
CodeHeap 'profiled nmethods': size=120000Kb used=31507Kb max_used=31507Kb free=88492Kb
 bounds [0x00000206adaa0000, 0x00000206af970000, 0x00000206b4fd0000]
CodeHeap 'non-nmethods': size=5696Kb used=1281Kb max_used=1303Kb free=4414Kb
 bounds [0x00000206ad510000, 0x00000206ad780000, 0x00000206adaa0000]
 total_blobs=11102 nmethods=10453 adapters=557
 compilation: enabled
              stopped_count=0, restarted_count=0
 full_count=0

Compilation events (20 events):
Event: 7.663 Thread 0x00000206c8a2c000 nmethod 10483 0x00000206af952510 code [0x00000206af9527e0, 0x00000206af9534a8]
Event: 7.663 Thread 0x00000206c8a2c000 10484       3       org.jetbrains.kotlin.codegen.signature.AsmTypeFactory::createObjectType (17 bytes)
Event: 7.663 Thread 0x00000206c8a2c000 nmethod 10484 0x00000206af953a10 code [0x00000206af953cc0, 0x00000206af954928]
Event: 7.663 Thread 0x00000206c8a2c000 10475       3       org.jetbrains.kotlin.resolve.constants.StringValue::<init> (12 bytes)
Event: 7.663 Thread 0x00000206c8a2c000 nmethod 10475 0x00000206af954e10 code [0x00000206af955040, 0x00000206af955718]
Event: 7.663 Thread 0x00000206c8a2c000 10462       3       java.util.Collections::singletonMap (10 bytes)
Event: 7.664 Thread 0x00000206c8a2c000 nmethod 10462 0x00000206af955990 code [0x00000206af955b60, 0x00000206af955e98]
Event: 7.664 Thread 0x00000206c8a2c000 10467       1       org.jetbrains.kotlin.load.java.components.JavaAnnotationDescriptor::getSource (5 bytes)
Event: 7.664 Thread 0x00000206c8a2c000 nmethod 10467 0x00000206b548c190 code [0x00000206b548c340, 0x00000206b548c3f8]
Event: 7.672 Thread 0x00000206c8a2c000 10486       3       org.jetbrains.kotlin.resolve.calls.components.ClassicTypeSystemContextForCS::asDynamicType (13 bytes)
Event: 7.672 Thread 0x00000206c8a2c000 nmethod 10486 0x00000206af955f90 code [0x00000206af9561c0, 0x00000206af9567a8]
Event: 7.672 Thread 0x00000206c8a2c000 10487       3       org.jetbrains.kotlin.resolve.calls.components.ClassicTypeSystemContextForCS::asRawType (13 bytes)
Event: 7.672 Thread 0x00000206c8a2c000 nmethod 10487 0x00000206af956a10 code [0x00000206af956c40, 0x00000206af957228]
Event: 7.672 Thread 0x00000206c8a2c000 10488       3       org.jetbrains.kotlin.types.TypeApproximatorConfiguration$AllFlexibleSameValue::getFlexible (5 bytes)
Event: 7.672 Thread 0x00000206c8a2c000 nmethod 10488 0x00000206af957490 code [0x00000206af957640, 0x00000206af957808]
Event: 7.673 Thread 0x00000206c8a2c000 10489       1       org.jetbrains.kotlin.ir.types.impl.IrTypeProjectionImpl::getVariance (5 bytes)
Event: 7.673 Thread 0x00000206c8a2c000 nmethod 10489 0x00000206b548c490 code [0x00000206b548c640, 0x00000206b548c6f8]
Event: 7.673 Thread 0x00000206c8a2c000 10490       1       org.jetbrains.kotlin.ir.types.impl.IrTypeProjectionImpl::getType (5 bytes)
Event: 7.673 Thread 0x00000206c8a2c000 nmethod 10490 0x00000206b548c790 code [0x00000206b548c940, 0x00000206b548c9f8]
Event: 7.675 Thread 0x00000206c8a2c000 10491       3       org.jetbrains.kotlin.backend.jvm.codegen.ClassCodegen::generateMethod (431 bytes)

GC Heap History (16 events):
Event: 0.357 GC heap before
{Heap before GC invocations=0 (full 0):
 garbage-first heap   total 262144K, used 17408K [0x0000000701c00000, 0x0000000800000000)
  region size 1024K, 14 young (14336K), 0 survivors (0K)
 Metaspace       used 9939K, capacity 10054K, committed 10112K, reserved 1058816K
  class space    used 844K, capacity 861K, committed 896K, reserved 1048576K
}
Event: 0.359 GC heap after
{Heap after GC invocations=1 (full 0):
 garbage-first heap   total 262144K, used 5353K [0x0000000701c00000, 0x0000000800000000)
  region size 1024K, 2 young (2048K), 2 survivors (2048K)
 Metaspace       used 9939K, capacity 10054K, committed 10112K, reserved 1058816K
  class space    used 844K, capacity 861K, committed 896K, reserved 1048576K
}
Event: 1.014 GC heap before
{Heap before GC invocations=1 (full 0):
 garbage-first heap   total 262144K, used 51433K [0x0000000701c00000, 0x0000000800000000)
  region size 1024K, 48 young (49152K), 2 survivors (2048K)
 Metaspace       used 20957K, capacity 21190K, committed 21248K, reserved 1069056K
  class space    used 2228K, capacity 2292K, committed 2304K, reserved 1048576K
}
Event: 1.023 GC heap after
{Heap after GC invocations=2 (full 0):
 garbage-first heap   total 262144K, used 9330K [0x0000000701c00000, 0x0000000800000000)
  region size 1024K, 6 young (6144K), 6 survivors (6144K)
 Metaspace       used 20957K, capacity 21190K, committed 21248K, reserved 1069056K
  class space    used 2228K, capacity 2292K, committed 2304K, reserved 1048576K
}
Event: 1.706 GC heap before
{Heap before GC invocations=3 (full 0):
 garbage-first heap   total 262144K, used 64626K [0x0000000701c00000, 0x0000000800000000)
  region size 1024K, 51 young (52224K), 6 survivors (6144K)
 Metaspace       used 30489K, capacity 30916K, committed 30976K, reserved 1077248K
  class space    used 3637K, capacity 3802K, committed 3840K, reserved 1048576K
}
Event: 1.716 GC heap after
{Heap after GC invocations=4 (full 0):
 garbage-first heap   total 262144K, used 21080K [0x0000000701c00000, 0x0000000800000000)
  region size 1024K, 7 young (7168K), 7 survivors (7168K)
 Metaspace       used 30489K, capacity 30916K, committed 30976K, reserved 1077248K
  class space    used 3637K, capacity 3802K, committed 3840K, reserved 1048576K
}
Event: 2.036 GC heap before
{Heap before GC invocations=4 (full 0):
 garbage-first heap   total 262144K, used 47704K [0x0000000701c00000, 0x0000000800000000)
  region size 1024K, 34 young (34816K), 7 survivors (7168K)
 Metaspace       used 35345K, capacity 35724K, committed 35840K, reserved 1081344K
  class space    used 4154K, capacity 4293K, committed 4352K, reserved 1048576K
}
Event: 2.051 GC heap after
{Heap after GC invocations=5 (full 0):
 garbage-first heap   total 262144K, used 22426K [0x0000000701c00000, 0x0000000800000000)
  region size 1024K, 4 young (4096K), 4 survivors (4096K)
 Metaspace       used 35345K, capacity 35724K, committed 35840K, reserved 1081344K
  class space    used 4154K, capacity 4293K, committed 4352K, reserved 1048576K
}
Event: 2.734 GC heap before
{Heap before GC invocations=6 (full 0):
 garbage-first heap   total 262144K, used 81818K [0x0000000701c00000, 0x0000000800000000)
  region size 1024K, 59 young (60416K), 4 survivors (4096K)
 Metaspace       used 44550K, capacity 45056K, committed 45184K, reserved 1089536K
  class space    used 5275K, capacity 5479K, committed 5504K, reserved 1048576K
}
Event: 2.745 GC heap after
{Heap after GC invocations=7 (full 0):
 garbage-first heap   total 315392K, used 32768K [0x0000000701c00000, 0x0000000800000000)
  region size 1024K, 8 young (8192K), 8 survivors (8192K)
 Metaspace       used 44550K, capacity 45056K, committed 45184K, reserved 1089536K
  class space    used 5275K, capacity 5479K, committed 5504K, reserved 1048576K
}
Event: 3.426 GC heap before
{Heap before GC invocations=7 (full 0):
 garbage-first heap   total 315392K, used 78848K [0x0000000701c00000, 0x0000000800000000)
  region size 1024K, 53 young (54272K), 8 survivors (8192K)
 Metaspace       used 49845K, capacity 50339K, committed 50560K, reserved 1093632K
  class space    used 5763K, capacity 5978K, committed 6016K, reserved 1048576K
}
Event: 3.436 GC heap after
{Heap after GC invocations=8 (full 0):
 garbage-first heap   total 315392K, used 36119K [0x0000000701c00000, 0x0000000800000000)
  region size 1024K, 6 young (6144K), 6 survivors (6144K)
 Metaspace       used 49845K, capacity 50339K, committed 50560K, reserved 1093632K
  class space    used 5763K, capacity 5978K, committed 6016K, reserved 1048576K
}
Event: 5.162 GC heap before
{Heap before GC invocations=8 (full 0):
 garbage-first heap   total 315392K, used 132375K [0x0000000701c00000, 0x0000000800000000)
  region size 1024K, 101 young (103424K), 6 survivors (6144K)
 Metaspace       used 59433K, capacity 60098K, committed 60160K, reserved 1101824K
  class space    used 6891K, capacity 7156K, committed 7168K, reserved 1048576K
}
Event: 5.179 GC heap after
{Heap after GC invocations=9 (full 0):
 garbage-first heap   total 315392K, used 47922K [0x0000000701c00000, 0x0000000800000000)
  region size 1024K, 14 young (14336K), 14 survivors (14336K)
 Metaspace       used 59433K, capacity 60098K, committed 60160K, reserved 1101824K
  class space    used 6891K, capacity 7156K, committed 7168K, reserved 1048576K
}
Event: 7.316 GC heap before
{Heap before GC invocations=10 (full 0):
 garbage-first heap   total 315392K, used 171826K [0x0000000701c00000, 0x0000000800000000)
  region size 1024K, 135 young (138240K), 14 survivors (14336K)
 Metaspace       used 74774K, capacity 75461K, committed 75748K, reserved 1116160K
  class space    used 8532K, capacity 8821K, committed 8832K, reserved 1048576K
}
Event: 7.380 GC heap after
{Heap after GC invocations=11 (full 0):
 garbage-first heap   total 315392K, used 60416K [0x0000000701c00000, 0x0000000800000000)
  region size 1024K, 12 young (12288K), 12 survivors (12288K)
 Metaspace       used 74774K, capacity 75461K, committed 75748K, reserved 1116160K
  class space    used 8532K, capacity 8821K, committed 8832K, reserved 1048576K
}

Deoptimization events (20 events):
Event: 7.403 Thread 0x00000206a9ba1000 Uncommon trap: trap_request=0xffffff4d fr.pc=0x00000206b52e73a8 relative=0x00000000000002e8
Event: 7.403 Thread 0x00000206a9ba1000 Uncommon trap: reason=unstable_if action=reinterpret pc=0x00000206b52e73a8 method=java.util.ArrayList.add(ILjava/lang/Object;)V @ 29 c2
Event: 7.403 Thread 0x00000206a9ba1000 DEOPT PACKING pc=0x00000206b52e73a8 sp=0x0000007a8aefde00
Event: 7.403 Thread 0x00000206a9ba1000 DEOPT UNPACKING pc=0x00000206ad53772f sp=0x0000007a8aefddc8 mode 2
Event: 7.493 Thread 0x00000206a9ba1000 Uncommon trap: trap_request=0xffffffde fr.pc=0x00000206b54324e0 relative=0x0000000000000040
Event: 7.493 Thread 0x00000206a9ba1000 Uncommon trap: reason=class_check action=maybe_recompile pc=0x00000206b54324e0 method=org.jetbrains.kotlin.ir.util.IrFakeOverrideUtilsKt.isFakeOverride(Lorg/jetbrains/kotlin/ir/declarations/IrDeclaration;)Z @ 9 c2
Event: 7.493 Thread 0x00000206a9ba1000 DEOPT PACKING pc=0x00000206b54324e0 sp=0x0000007a8aefe460
Event: 7.493 Thread 0x00000206a9ba1000 DEOPT UNPACKING pc=0x00000206ad53772f sp=0x0000007a8aefe3f8 mode 2
Event: 7.574 Thread 0x00000206a9ba1000 Uncommon trap: trap_request=0xffffff4d fr.pc=0x00000206b529fe34 relative=0x00000000000002d4
Event: 7.574 Thread 0x00000206a9ba1000 Uncommon trap: reason=unstable_if action=reinterpret pc=0x00000206b529fe34 method=org.jetbrains.kotlin.builtins.jvm.JavaToKotlinClassMap.isKotlinFunctionWithBigArity(Lorg/jetbrains/kotlin/name/FqNameUnsafe;Ljava/lang/String;)Z @ 33 c2
Event: 7.574 Thread 0x00000206a9ba1000 DEOPT PACKING pc=0x00000206b529fe34 sp=0x0000007a8aefd310
Event: 7.574 Thread 0x00000206a9ba1000 DEOPT UNPACKING pc=0x00000206ad53772f sp=0x0000007a8aefd2a0 mode 2
Event: 7.622 Thread 0x00000206a9ba1000 Uncommon trap: trap_request=0xffffff4d fr.pc=0x00000206b522df14 relative=0x00000000000006f4
Event: 7.622 Thread 0x00000206a9ba1000 Uncommon trap: reason=unstable_if action=reinterpret pc=0x00000206b522df14 method=org.jetbrains.kotlin.protobuf.SmallSortedMap.entrySet()Ljava/util/Set; @ 4 c2
Event: 7.622 Thread 0x00000206a9ba1000 DEOPT PACKING pc=0x00000206b522df14 sp=0x0000007a8aefc7d0
Event: 7.622 Thread 0x00000206a9ba1000 DEOPT UNPACKING pc=0x00000206ad53772f sp=0x0000007a8aefc6c0 mode 2
Event: 7.624 Thread 0x00000206a9ba1000 Uncommon trap: trap_request=0xffffff4d fr.pc=0x00000206b529e3a8 relative=0x0000000000000dc8
Event: 7.624 Thread 0x00000206a9ba1000 Uncommon trap: reason=unstable_if action=reinterpret pc=0x00000206b529e3a8 method=org.jetbrains.kotlin.utils.SmartSet.add(Ljava/lang/Object;)Z @ 32 c2
Event: 7.624 Thread 0x00000206a9ba1000 DEOPT PACKING pc=0x00000206b529e3a8 sp=0x0000007a8aefe2f0
Event: 7.624 Thread 0x00000206a9ba1000 DEOPT UNPACKING pc=0x00000206ad53772f sp=0x0000007a8aefe2b0 mode 2

Classes redefined (0 events):
No events

Internal exceptions (20 events):
Event: 4.001 Thread 0x00000206a9ba1000 Exception <a 'java/lang/NoSuchMethodError'{0x0000000712869a90}: 'java.lang.Object java.lang.invoke.DirectMethodHandle$Holder.invokeSpecial(java.lang.Object, java.lang.Object, java.lang.Object, java.lang.Object, java.lang.Object, int)'> (0x0000000712869a90) thrown at [./src/hotspot/share/interpreter/linkResolver.cpp, line 773]
Event: 4.001 Thread 0x00000206a9ba1000 Exception <a 'java/lang/NoSuchMethodError'{0x000000071286d8d8}: 'java.lang.Object java.lang.invoke.Invokers$Holder.linkToTargetMethod(java.lang.Object, java.lang.Object, java.lang.Object, int, java.lang.Object)'> (0x000000071286d8d8) thrown at [./src/hotspot/share/interpreter/linkResolver.cpp, line 773]
Event: 4.010 Thread 0x00000206a9ba1000 Exception <a 'java/lang/NoSuchMethodError'{0x0000000712702c40}: 'int java.lang.invoke.DirectMethodHandle$Holder.invokeStatic(java.lang.Object, java.lang.Object, java.lang.Object, java.lang.Object, java.lang.Object)'> (0x0000000712702c40) thrown at [./src/hotspot/share/interpreter/linkResolver.cpp, line 773]
Event: 4.044 Thread 0x00000206a9ba1000 Exception <a 'java/lang/NoSuchMethodError'{0x000000071265e000}: 'void java.lang.invoke.DirectMethodHandle$Holder.invokeStatic(java.lang.Object, java.lang.Object, java.lang.Object, java.lang.Object)'> (0x000000071265e000) thrown at [./src/hotspot/share/interpreter/linkResolver.cpp, line 773]
Event: 4.096 Thread 0x00000206a9ba1000 Implicit null exception at 0x00000206b50b67c3 to 0x00000206b50b6948
Event: 4.096 Thread 0x00000206a9ba1000 Implicit null exception at 0x00000206b502dcf8 to 0x00000206b502dd8a
Event: 4.099 Thread 0x00000206a9ba1000 Implicit null exception at 0x00000206b50bf8af to 0x00000206b50bf929
Event: 4.123 Thread 0x00000206a9ba1000 Implicit null exception at 0x00000206b51d10fe to 0x00000206b51d19c4
Event: 4.179 Thread 0x00000206a9ba1000 Exception <a 'java/lang/NoSuchMethodError'{0x0000000711b14138}: 'int java.lang.invoke.DirectMethodHandle$Holder.invokeStaticInit(java.lang.Object, int)'> (0x0000000711b14138) thrown at [./src/hotspot/share/interpreter/linkResolver.cpp, line 773]
Event: 4.505 Thread 0x00000206a9ba1000 Exception <a 'java/lang/NoSuchMethodError'{0x00000007106f7558}: 'java.lang.Object java.lang.invoke.DirectMethodHandle$Holder.invokeInterface(java.lang.Object, java.lang.Object, java.lang.Object)'> (0x00000007106f7558) thrown at [./src/hotspot/share/interpreter/linkResolver.cpp, line 773]
Event: 4.505 Thread 0x00000206a9ba1000 Exception <a 'java/lang/IncompatibleClassChangeError'{0x00000007106faf80}: Found class java.lang.Object, but interface was expected> (0x00000007106faf80) thrown at [./src/hotspot/share/interpreter/linkResolver.cpp, line 839]
Event: 4.642 Thread 0x00000206a9ba1000 Exception <a 'java/lang/NoSuchMethodError'{0x0000000710045038}: 'java.lang.Object java.lang.invoke.Invokers$Holder.linkToTargetMethod(java.lang.Object, java.lang.Object, java.lang.Object, java.lang.Object, java.lang.Object, java.lang.Object, java.lang.Object)'> (0x0000000710045038) thrown at [./src/hotspot/share/interpreter/linkResolver.cpp, line 773]
Event: 4.742 Thread 0x00000206a9ba1000 Implicit null exception at 0x00000206b4fec877 to 0x00000206b4fecd7c
Event: 4.755 Thread 0x00000206a9ba1000 Implicit null exception at 0x00000206b4fed374 to 0x00000206b4fed894
Event: 5.070 Thread 0x00000206a9ba1000 Implicit null exception at 0x00000206b5029d75 to 0x00000206b5029f64
Event: 5.078 Thread 0x00000206a9ba1000 Implicit null exception at 0x00000206b50afd6c to 0x00000206b50afdca
Event: 5.120 Thread 0x00000206a9ba1000 Implicit null exception at 0x00000206b51caf7c to 0x00000206b51cb26c
Event: 5.319 Thread 0x00000206a9ba1000 Implicit null exception at 0x00000206b52d23d2 to 0x00000206b52d269b
Event: 6.487 Thread 0x00000206a9ba1000 Implicit null exception at 0x00000206b5033274 to 0x00000206b50334a4
Event: 7.143 Thread 0x00000206a9ba1000 Implicit null exception at 0x00000206b54327d6 to 0x00000206b5432a0e

Events (20 events):
Event: 7.607 loading class org/jetbrains/kotlin/backend/jvm/codegen/ClassCodegen$generateInnerAndOuterClasses$2 done
Event: 7.607 loading class org/jetbrains/kotlin/backend/jvm/codegen/ClassCodegen$generateInnerAndOuterClasses$3
Event: 7.607 loading class org/jetbrains/kotlin/backend/jvm/codegen/ClassCodegen$generateInnerAndOuterClasses$3 done
Event: 7.616 loading class org/jetbrains/kotlin/codegen/FakeDescriptorsForReferencesKt
Event: 7.616 loading class org/jetbrains/kotlin/codegen/FakeDescriptorsForReferencesKt done
Event: 7.616 loading class org/jetbrains/kotlin/metadata/ProtoBuf$Function$Builder
Event: 7.616 loading class org/jetbrains/kotlin/metadata/ProtoBuf$Function$Builder done
Event: 7.617 loading class org/jetbrains/kotlin/protobuf/GeneratedMessageLite$ExtendableBuilder
Event: 7.617 loading class org/jetbrains/kotlin/protobuf/GeneratedMessageLite$ExtendableBuilder done
Event: 7.618 loading class org/jetbrains/kotlin/metadata/jvm/JvmProtoBuf$StringTableTypes$Record$Builder
Event: 7.618 loading class org/jetbrains/kotlin/metadata/jvm/JvmProtoBuf$StringTableTypes$Record$Builder done
Event: 7.619 loading class org/jetbrains/kotlin/metadata/ProtoBuf$Type$Builder
Event: 7.619 loading class org/jetbrains/kotlin/metadata/ProtoBuf$Type$Builder done
Event: 7.620 loading class org/jetbrains/kotlin/serialization/DescriptorAwareStringTable$DefaultImpls
Event: 7.620 loading class org/jetbrains/kotlin/serialization/DescriptorAwareStringTable$DefaultImpls done
Event: 7.621 loading class org/jetbrains/kotlin/backend/jvm/codegen/DescriptorBasedClassCodegen$generateKotlinMetadataAnnotation$5
Event: 7.621 loading class org/jetbrains/kotlin/backend/jvm/codegen/DescriptorBasedClassCodegen$generateKotlinMetadataAnnotation$5 done
Event: 7.621 loading class org/jetbrains/kotlin/metadata/jvm/JvmProtoBuf$StringTableTypes$Builder
Event: 7.621 loading class org/jetbrains/kotlin/metadata/jvm/JvmProtoBuf$StringTableTypes$Builder done
Event: 7.642 Thread 0x00000206c9d93800 Thread added: 0x00000206c9d93800


Dynamic libraries:
0x00007ff72a560000 - 0x00007ff72a56a000 	C:\Users\FitOutFit Technology\Desktop\android-studio\jre\bin\java.exe
0x00007ff980b00000 - 0x00007ff980cf0000 	C:\Windows\SYSTEM32\ntdll.dll
0x00007ff97f0e0000 - 0x00007ff97f192000 	C:\Windows\System32\KERNEL32.DLL
0x00007ff97ded0000 - 0x00007ff97e172000 	C:\Windows\System32\KERNELBASE.dll
0x00007ff97e180000 - 0x00007ff97e27a000 	C:\Windows\System32\ucrtbase.dll
0x00007ff960110000 - 0x00007ff960129000 	C:\Users\FitOutFit Technology\Desktop\android-studio\jre\bin\jli.dll
0x00007ff9688a0000 - 0x00007ff9688b7000 	C:\Users\FitOutFit Technology\Desktop\android-studio\jre\bin\VCRUNTIME140.dll
0x00007ff97f350000 - 0x00007ff97f4e3000 	C:\Windows\System32\USER32.dll
0x00007ff965d70000 - 0x00007ff965ff5000 	C:\Windows\WinSxS\amd64_microsoft.windows.common-controls_6595b64144ccf1df_6.0.18362.30_none_a1435978519dce7f\COMCTL32.dll
0x00007ff97eaf0000 - 0x00007ff97eb11000 	C:\Windows\System32\win32u.dll
0x00007ff980860000 - 0x00007ff9808fe000 	C:\Windows\System32\msvcrt.dll
0x00007ff97fdc0000 - 0x00007ff97fde6000 	C:\Windows\System32\GDI32.dll
0x00007ff97ec30000 - 0x00007ff97ef66000 	C:\Windows\System32\combase.dll
0x00007ff97da90000 - 0x00007ff97dc24000 	C:\Windows\System32\gdi32full.dll
0x00007ff97eb20000 - 0x00007ff97ebbe000 	C:\Windows\System32\msvcp_win.dll
0x00007ff97ff50000 - 0x00007ff980070000 	C:\Windows\System32\RPCRT4.dll
0x00007ff97e280000 - 0x00007ff97e301000 	C:\Windows\System32\bcryptPrimitives.dll
0x00007ff97f4f0000 - 0x00007ff97f51e000 	C:\Windows\System32\IMM32.DLL
0x00007ff955b20000 - 0x00007ff955bbd000 	C:\Users\FitOutFit Technology\Desktop\android-studio\jre\bin\msvcp140.dll
0x00007ff93e1e0000 - 0x00007ff93ec9c000 	C:\Users\FitOutFit Technology\Desktop\android-studio\jre\bin\server\jvm.dll
0x00007ff980900000 - 0x00007ff9809a3000 	C:\Windows\System32\ADVAPI32.dll
0x00007ff980a10000 - 0x00007ff980aa7000 	C:\Windows\System32\sechost.dll
0x00007ff980ab0000 - 0x00007ff980ab8000 	C:\Windows\System32\PSAPI.DLL
0x00007ff971c20000 - 0x00007ff971c29000 	C:\Windows\SYSTEM32\WSOCK32.dll
0x00007ff97bac0000 - 0x00007ff97bae4000 	C:\Windows\SYSTEM32\WINMM.dll
0x00007ff9807f0000 - 0x00007ff98085f000 	C:\Windows\System32\WS2_32.dll
0x00007ff978200000 - 0x00007ff97820a000 	C:\Windows\SYSTEM32\VERSION.dll
0x00007ff97ba90000 - 0x00007ff97babd000 	C:\Windows\SYSTEM32\WINMMBASE.dll
0x00007ff97de80000 - 0x00007ff97deca000 	C:\Windows\System32\cfgmgr32.dll
0x00007ff97d9e0000 - 0x00007ff97d9f1000 	C:\Windows\System32\kernel.appcore.dll
0x00007ff965bb0000 - 0x00007ff965bc1000 	C:\Users\FitOutFit Technology\Desktop\android-studio\jre\bin\verify.dll
0x00007ff94f540000 - 0x00007ff94f734000 	C:\Windows\SYSTEM32\DBGHELP.DLL
0x00007ff958050000 - 0x00007ff95807a000 	C:\Windows\SYSTEM32\dbgcore.DLL
0x00007ff95b5d0000 - 0x00007ff95b5f9000 	C:\Users\FitOutFit Technology\Desktop\android-studio\jre\bin\java.dll
0x00007ff973400000 - 0x00007ff97340b000 	C:\Users\FitOutFit Technology\Desktop\android-studio\jre\bin\jimage.dll
0x00007ff960480000 - 0x00007ff960498000 	C:\Users\FitOutFit Technology\Desktop\android-studio\jre\bin\zip.dll
0x00007ff97f6e0000 - 0x00007ff97fdc0000 	C:\Windows\System32\SHELL32.dll
0x00007ff97ef70000 - 0x00007ff97f019000 	C:\Windows\System32\shcore.dll
0x00007ff97e370000 - 0x00007ff97eaeb000 	C:\Windows\System32\windows.storage.dll
0x00007ff97da00000 - 0x00007ff97da1f000 	C:\Windows\System32\profapi.dll
0x00007ff97da40000 - 0x00007ff97da8a000 	C:\Windows\System32\powrprof.dll
0x00007ff97d9d0000 - 0x00007ff97d9e0000 	C:\Windows\System32\UMPDC.dll
0x00007ff9809b0000 - 0x00007ff980a02000 	C:\Windows\System32\shlwapi.dll
0x00007ff97dc30000 - 0x00007ff97dc47000 	C:\Windows\System32\cryptsp.dll
0x00007ff95f030000 - 0x00007ff95f04a000 	C:\Users\FitOutFit Technology\Desktop\android-studio\jre\bin\net.dll
0x00007ff972610000 - 0x00007ff9726ff000 	C:\Windows\SYSTEM32\WINHTTP.dll
0x00007ff97d240000 - 0x00007ff97d2a7000 	C:\Windows\system32\mswsock.dll
0x00007ff95a550000 - 0x00007ff95a564000 	C:\Users\FitOutFit Technology\Desktop\android-studio\jre\bin\nio.dll

dbghelp: loaded successfully - version: 4.0.5 - missing functions: none
symbol engine: initialized successfully - sym options: 0x614 - pdb path: .;C:\Users\FitOutFit Technology\Desktop\android-studio\jre\bin;C:\Windows\SYSTEM32;C:\Windows\WinSxS\amd64_microsoft.windows.common-controls_6595b64144ccf1df_6.0.18362.30_none_a1435978519dce7f;C:\Users\FitOutFit Technology\Desktop\android-studio\jre\bin\server

VM Arguments:
java_command: org.jetbrains.kotlin.cli.jvm.K2JVMCompiler @C:\Users\FitOutFit Technology\AndroidStudioProjects\MyApplication\app\build\20210209_12125838010414134852.compiler.options
java_class_path (initial): C:\Users\FitOutFit Technology\.gradle\caches\modules-2\files-2.1\org.jetbrains.kotlin\kotlin-compiler-embeddable\1.4.21\87db94500aaf883536ae8c8efdee76bdc839d582\kotlin-compiler-embeddable-1.4.21.jar;C:\Users\FitOutFit Technology\.gradle\caches\modules-2\files-2.1\org.jetbrains.kotlin\kotlin-reflect\1.4.21\748f681f4e3edbe9285ff46710c79049c70f4dfa\kotlin-reflect-1.4.21.jar;C:\Users\FitOutFit Technology\.gradle\caches\modules-2\files-2.1\org.jetbrains.kotlin\kotlin-stdlib\1.4.21\4a668382d7c38688d3490afde93b6a113ed46698\kotlin-stdlib-1.4.21.jar;C:\Users\FitOutFit Technology\.gradle\caches\modules-2\files-2.1\org.jetbrains.kotlin\kotlin-script-runtime\1.4.21\1247decba314790165b4fe94d09c45b09db6b07f\kotlin-script-runtime-1.4.21.jar;C:\Users\FitOutFit Technology\.gradle\caches\modules-2\files-2.1\org.jetbrains.kotlin\kotlin-daemon-embeddable\1.4.21\bc95bcebdc871d45d9852b0c01abe9bec373bb52\kotlin-daemon-embeddable-1.4.21.jar;C:\Users\FitOutFit Technology\.gradle\caches\modules-2\files-2.1\org.jetbrains.intellij.deps\trove4j\1.0.20181211\216c2e14b070f334479d800987affe4054cd563f\trove4j-1.0.20181211.jar;C:\Users\FitOutFit Technology\.gradle\caches\modules-2\files-2.1\org.jetbrains.kotlin\kotlin-stdlib-common\1.4.21\7f48a062aa4b53215998780f7c245a4276828e1d\kotlin-stdlib-common-1.4.21.jar;C:\Users\FitOutFit Technology\.gradle\caches\modules-2\files-2.1\org.jetbrains\annotations\13.0\919f0dfe192fb4e063e7dacadee7f8bb9a2672a9\annotations-13.0.jar
Launcher Type: SUN_STANDARD

[Global flags]
     intx CICompilerCount                          = 3                                         {product} {ergonomic}
     uint ConcGCThreads                            = 1                                         {product} {ergonomic}
     uint G1ConcRefinementThreads                  = 4                                         {product} {ergonomic}
   size_t G1HeapRegionSize                         = 1048576                                   {product} {ergonomic}
    uintx GCDrainStackTargetSize                   = 64                                        {product} {ergonomic}
   size_t InitialHeapSize                          = 268435456                                 {product} {ergonomic}
   size_t MarkStackSize                            = 4194304                                   {product} {ergonomic}
   size_t MaxHeapSize                              = 4265607168                                {product} {ergonomic}
   size_t MaxNewSize                               = 2558525440                                {product} {ergonomic}
   size_t MinHeapDeltaBytes                        = 1048576                                   {product} {ergonomic}
    uintx NonNMethodCodeHeapSize                   = 5830732                                {pd product} {ergonomic}
    uintx NonProfiledCodeHeapSize                  = 122913754                              {pd product} {ergonomic}
    uintx ProfiledCodeHeapSize                     = 122913754                              {pd product} {ergonomic}
    uintx ReservedCodeCacheSize                    = 251658240                              {pd product} {ergonomic}
     bool SegmentedCodeCache                       = true                                      {product} {ergonomic}
     bool UseCompressedClassPointers               = true                                 {lp64_product} {ergonomic}
     bool UseCompressedOops                        = true                                 {lp64_product} {ergonomic}
     bool UseG1GC                                  = true                                      {product} {ergonomic}
     bool UseLargePagesIndividualAllocation        = false                                  {pd product} {ergonomic}

Logging:
Log output configuration:
 #0: stdout all=warning uptime,level,tags
 #1: stderr all=off uptime,level,tags

Environment Variables:
PATH=C:\Windows\system32;C:\Windows;C:\Windows\System32\Wbem;C:\Windows\System32\WindowsPowerShell\v1.0\;C:\Windows\System32\OpenSSH\;C:\Program Files\Git\cmd;C:\Program Files\Git\bin;C:\Users\FitOutFit Technology\AppData\Local\Microsoft\WindowsApps;C:\Program Files\Git\bin;
USERNAME=FitOutFit Technology
OS=Windows_NT
PROCESSOR_IDENTIFIER=Intel64 Family 6 Model 94 Stepping 3, GenuineIntel



---------------  S Y S T E M  ---------------

OS: Windows 10 , 64 bit Build 18362 (10.0.18362.1)
OS uptime: 5 days 23:27 hours

CPU:total 4 (initial active 4) (4 cores per cpu, 1 threads per core) family 6 model 94 stepping 3, cmov, cx8, fxsr, mmx, sse, sse2, sse3, ssse3, sse4.1, sse4.2, popcnt, avx, avx2, aes, clmul, erms, 3dnowpref, lzcnt, tsc, tscinvbit, bmi1, bmi2, adx, fma

Memory: 4k page, system-wide physical 16268M (4391M free)
TotalPageFile size 31206M (AvailPageFile size 5M)
current process WorkingSet (physical memory assigned to process): 408M, peak: 408M
current process commit charge ("private bytes"): 553M, peak: 554M

vm_info: OpenJDK 64-Bit Server VM (11.0.8+10-b944.6842174) for windows-amd64 JRE (11.0.8+10-b944.6842174), built on Sep 19 2020 01:11:42 by "builder" with MS VC++ 14.0 (VS2015)

END.
